{ meta:
   { name: 'openaq-api',
     license: 'CC BY 4.0d',
     website: 'api.openaq.org',
     page: 1,
     limit: 100,
     found: 5494881 },
  results:
   [ { locationId: 65281,
       location: '14th &amp; S ST NW ',
       parameter: 'pm1',
       value: 3,
       date: [Object],
       unit: 'µg/m³',
       coordinates: [Object],
       country: 'US',
       city: null,
       isMobile: false,
       isAnalysis: false,
       entity: 'community',
       sensorType: 'low-cost sensor' },
     { locationId: 65281,
       location: '14th &amp; S ST NW ',
       parameter: 'um025',
       value: 0.03,
       date: [Object],
       unit: 'particles/cm³',
       coordinates: [Object],
       country: 'US',
       city: null,
       isMobile: false,
       isAnalysis: false,
       entity: 'community',
       sensorType: 'low-cost sensor' },
     { locationId: 65281,
       location: '14th &amp; S ST NW ',
       parameter: 'um100',
       value: 0,
       date: [Object],
       unit: 'particles/cm³',
       coordinates: [Object],
       country: 'US',
       city: null,
       isMobile: false,
       isAnalysis: false,
       entity: 'community',
       sensorType: 'low-cost sensor' },
     { locationId: 65281,
       location: '14th &amp; S ST NW ',
       parameter: 'pm25',
       value: 4.4,
       date: [Object],
       unit: 'µg/m³',
       coordinates: [Object],
       country: 'US',
       city: null,
       isMobile: false,
       isAnalysis: false,
       entity: 'community',
       sensorType: 'low-cost sensor' },
     { locationId: 65281,
       location: '14th &amp; S ST NW ',
       parameter: 'pm10',
       value: 5.2,
       date: [Object],
       unit: 'µg/m³',
       coordinates: [Object],
       country: 'US',
       city: null,
       isMobile: false,
       isAnalysis: false,
       entity: 'community',
       sensorType: 'low-cost sensor' },
     { locationId: 65281,
       location: '14th &amp; S ST NW ',
       parameter: 'um010',
       value: 0.31,
       date: [Object],
       unit: 'particles/cm³',
       coordinates: [Object],
       country: 'US',
       city: null,
       isMobile: false,
       isAnalysis: false,
       entity: 'community',
       sensorType: 'low-cost sensor' },
     { locationId: 65281,
       location: '14th &amp; S ST NW ',
       parameter: 'um010',
       value: 0.22,
       date: [Object],
       unit: 'particles/cm³',
       coordinates: [Object],
       country: 'US',
       city: null,
       isMobile: false,
       isAnalysis: false,
       entity: 'community',
       sensorType: 'low-cost sensor' },
     { locationId: 65281,
       location: '14th &amp; S ST NW ',
       parameter: 'um100',
       value: 0,
       date: [Object],
       unit: 'particles/cm³',
       coordinates: [Object],
       country: 'US',
       city: null,
       isMobile: false,
       isAnalysis: false,
       entity: 'community',
       sensorType: 'low-cost sensor' },
     { locationId: 65281,
       location: '14th &amp; S ST NW ',
       parameter: 'um025',
       value: 0.01,
       date: [Object],
       unit: 'particles/cm³',
       coordinates: [Object],
       country: 'US',
       city: null,
       isMobile: false,
       isAnalysis: false,
       entity: 'community',
       sensorType: 'low-cost sensor' },
     { locationId: 65281,
       location: '14th &amp; S ST NW ',
       parameter: 'pm10',
       value: 4.8,
       date: [Object],
       unit: 'µg/m³',
       coordinates: [Object],
       country: 'US',
       city: null,
       isMobile: false,
       isAnalysis: false,
       entity: 'community',
       sensorType: 'low-cost sensor' },
     { locationId: 65281,
       location: '14th &amp; S ST NW ',
       parameter: 'pm1',
       value: 2.8,
       date: [Object],
       unit: 'µg/m³',
       coordinates: [Object],
       country: 'US',
       city: null,
       isMobile: false,
       isAnalysis: false,
       entity: 'community',
       sensorType: 'low-cost sensor' },
     { locationId: 65281,
       location: '14th &amp; S ST NW ',
       parameter: 'pm25',
       value: 3.7,
       date: [Object],
       unit: 'µg/m³',
       coordinates: [Object],
       country: 'US',
       city: null,
       isMobile: false,
       isAnalysis: false,
       entity: 'community',
       sensorType: 'low-cost sensor' },
     { locationId: 65281,
       location: '14th &amp; S ST NW ',
       parameter: 'um025',
       value: 0.01,
       date: [Object],
       unit: 'particles/cm³',
       coordinates: [Object],
       country: 'US',
       city: null,
       isMobile: false,
       isAnalysis: false,
       entity: 'community',
       sensorType: 'low-cost sensor' },
     { locationId: 65281,
       location: '14th &amp; S ST NW ',
       parameter: 'um010',
       value: 0.25,
       date: [Object],
       unit: 'particles/cm³',
       coordinates: [Object],
       country: 'US',
       city: null,
       isMobile: false,
       isAnalysis: false,
       entity: 'community',
       sensorType: 'low-cost sensor' },
     { locationId: 65281,
       location: '14th &amp; S ST NW ',
       parameter: 'pm25',
       value: 4.1,
       date: [Object],
       unit: 'µg/m³',
       coordinates: [Object],
       country: 'US',
       city: null,
       isMobile: false,
       isAnalysis: false,
       entity: 'community',
       sensorType: 'low-cost sensor' },
     { locationId: 65281,
       location: '14th &amp; S ST NW ',
       parameter: 'pm10',
       value: 4.5,
       date: [Object],
       unit: 'µg/m³',
       coordinates: [Object],
       country: 'US',
       city: null,
       isMobile: false,
       isAnalysis: false,
       entity: 'community',
       sensorType: 'low-cost sensor' },
     { locationId: 65281,
       location: '14th &amp; S ST NW ',
       parameter: 'pm1',
       value: 2.7,
       date: [Object],
       unit: 'µg/m³',
       coordinates: [Object],
       country: 'US',
       city: null,
       isMobile: false,
       isAnalysis: false,
       entity: 'community',
       sensorType: 'low-cost sensor' },
     { locationId: 65281,
       location: '14th &amp; S ST NW ',
       parameter: 'um100',
       value: 0,
       date: [Object],
       unit: 'particles/cm³',
       coordinates: [Object],
       country: 'US',
       city: null,
       isMobile: false,
       isAnalysis: false,
       entity: 'community',
       sensorType: 'low-cost sensor' },
     { locationId: 65281,
       location: '14th &amp; S ST NW ',
       parameter: 'pm10',
       value: 4.9,
       date: [Object],
       unit: 'µg/m³',
       coordinates: [Object],
       country: 'US',
       city: null,
       isMobile: false,
       isAnalysis: false,
       entity: 'community',
       sensorType: 'low-cost sensor' },
     { locationId: 65281,
       location: '14th &amp; S ST NW ',
       parameter: 'um100',
       value: 0,
       date: [Object],
       unit: 'particles/cm³',
       coordinates: [Object],
       country: 'US',
       city: null,
       isMobile: false,
       isAnalysis: false,
       entity: 'community',
       sensorType: 'low-cost sensor' },
     { locationId: 65281,
       location: '14th &amp; S ST NW ',
       parameter: 'pm1',
       value: 3,
       date: [Object],
       unit: 'µg/m³',
       coordinates: [Object],
       country: 'US',
       city: null,
       isMobile: false,
       isAnalysis: false,
       entity: 'community',
       sensorType: 'low-cost sensor' },
     { locationId: 65281,
       location: '14th &amp; S ST NW ',
       parameter: 'um025',
       value: 0.02,
       date: [Object],
       unit: 'particles/cm³',
       coordinates: [Object],
       country: 'US',
       city: null,
       isMobile: false,
       isAnalysis: false,
       entity: 'community',
       sensorType: 'low-cost sensor' },
     { locationId: 65281,
       location: '14th &amp; S ST NW ',
       parameter: 'pm25',
       value: 4.1,
       date: [Object],
       unit: 'µg/m³',
       coordinates: [Object],
       country: 'US',
       city: null,
       isMobile: false,
       isAnalysis: false,
       entity: 'community',
       sensorType: 'low-cost sensor' },
     { locationId: 65281,
       location: '14th &amp; S ST NW ',
       parameter: 'um010',
       value: 0.26,
       date: [Object],
       unit: 'particles/cm³',
       coordinates: [Object],
       country: 'US',
       city: null,
       isMobile: false,
       isAnalysis: false,
       entity: 'community',
       sensorType: 'low-cost sensor' },
     { locationId: 65281,
       location: '14th &amp; S ST NW ',
       parameter: 'um010',
       value: 0.3,
       date: [Object],
       unit: 'particles/cm³',
       coordinates: [Object],
       country: 'US',
       city: null,
       isMobile: false,
       isAnalysis: false,
       entity: 'community',
       sensorType: 'low-cost sensor' },
     { locationId: 65281,
       location: '14th &amp; S ST NW ',
       parameter: 'um025',
       value: 0.02,
       date: [Object],
       unit: 'particles/cm³',
       coordinates: [Object],
       country: 'US',
       city: null,
       isMobile: false,
       isAnalysis: false,
       entity: 'community',
       sensorType: 'low-cost sensor' },
     { locationId: 65281,
       location: '14th &amp; S ST NW ',
       parameter: 'pm10',
       value: 5.2,
       date: [Object],
       unit: 'µg/m³',
       coordinates: [Object],
       country: 'US',
       city: null,
       isMobile: false,
       isAnalysis: false,
       entity: 'community',
       sensorType: 'low-cost sensor' },
     { locationId: 65281,
       location: '14th &amp; S ST NW ',
       parameter: 'um100',
       value: 0,
       date: [Object],
       unit: 'particles/cm³',
       coordinates: [Object],
       country: 'US',
       city: null,
       isMobile: false,
       isAnalysis: false,
       entity: 'community',
       sensorType: 'low-cost sensor' },
     { locationId: 65281,
       location: '14th &amp; S ST NW ',
       parameter: 'pm25',
       value: 4.3,
       date: [Object],
       unit: 'µg/m³',
       coordinates: [Object],
       country: 'US',
       city: null,
       isMobile: false,
       isAnalysis: false,
       entity: 'community',
       sensorType: 'low-cost sensor' },
     { locationId: 65281,
       location: '14th &amp; S ST NW ',
       parameter: 'pm1',
       value: 2.9,
       date: [Object],
       unit: 'µg/m³',
       coordinates: [Object],
       country: 'US',
       city: null,
       isMobile: false,
       isAnalysis: false,
       entity: 'community',
       sensorType: 'low-cost sensor' },
     { locationId: 65281,
       location: '14th &amp; S ST NW ',
       parameter: 'um010',
       value: 0.31,
       date: [Object],
       unit: 'particles/cm³',
       coordinates: [Object],
       country: 'US',
       city: null,
       isMobile: false,
       isAnalysis: false,
       entity: 'community',
       sensorType: 'low-cost sensor' },
     { locationId: 65281,
       location: '14th &amp; S ST NW ',
       parameter: 'um025',
       value: 0.02,
       date: [Object],
       unit: 'particles/cm³',
       coordinates: [Object],
       country: 'US',
       city: null,
       isMobile: false,
       isAnalysis: false,
       entity: 'community',
       sensorType: 'low-cost sensor' },
     { locationId: 65281,
       location: '14th &amp; S ST NW ',
       parameter: 'pm25',
       value: 4.8,
       date: [Object],
       unit: 'µg/m³',
       coordinates: [Object],
       country: 'US',
       city: null,
       isMobile: false,
       isAnalysis: false,
       entity: 'community',
       sensorType: 'low-cost sensor' },
     { locationId: 65281,
       location: '14th &amp; S ST NW ',
       parameter: 'um100',
       value: 0,
       date: [Object],
       unit: 'particles/cm³',
       coordinates: [Object],
       country: 'US',
       city: null,
       isMobile: false,
       isAnalysis: false,
       entity: 'community',
       sensorType: 'low-cost sensor' },
     { locationId: 65281,
       location: '14th &amp; S ST NW ',
       parameter: 'pm10',
       value: 5.8,
       date: [Object],
       unit: 'µg/m³',
       coordinates: [Object],
       country: 'US',
       city: null,
       isMobile: false,
       isAnalysis: false,
       entity: 'community',
       sensorType: 'low-cost sensor' },
     { locationId: 65281,
       location: '14th &amp; S ST NW ',
       parameter: 'pm1',
       value: 3.6,
       date: [Object],
       unit: 'µg/m³',
       coordinates: [Object],
       country: 'US',
       city: null,
       isMobile: false,
       isAnalysis: false,
       entity: 'community',
       sensorType: 'low-cost sensor' },
     { locationId: 65281,
       location: '14th &amp; S ST NW ',
       parameter: 'um025',
       value: 0.02,
       date: [Object],
       unit: 'particles/cm³',
       coordinates: [Object],
       country: 'US',
       city: null,
       isMobile: false,
       isAnalysis: false,
       entity: 'community',
       sensorType: 'low-cost sensor' },
     { locationId: 65281,
       location: '14th &amp; S ST NW ',
       parameter: 'pm25',
       value: 4.3,
       date: [Object],
       unit: 'µg/m³',
       coordinates: [Object],
       country: 'US',
       city: null,
       isMobile: false,
       isAnalysis: false,
       entity: 'community',
       sensorType: 'low-cost sensor' },
     { locationId: 65281,
       location: '14th &amp; S ST NW ',
       parameter: 'pm10',
       value: 4.9,
       date: [Object],
       unit: 'µg/m³',
       coordinates: [Object],
       country: 'US',
       city: null,
       isMobile: false,
       isAnalysis: false,
       entity: 'community',
       sensorType: 'low-cost sensor' },
     { locationId: 65281,
       location: '14th &amp; S ST NW ',
       parameter: 'um010',
       value: 0.25,
       date: [Object],
       unit: 'particles/cm³',
       coordinates: [Object],
       country: 'US',
       city: null,
       isMobile: false,
       isAnalysis: false,
       entity: 'community',
       sensorType: 'low-cost sensor' },
     { locationId: 65281,
       location: '14th &amp; S ST NW ',
       parameter: 'pm1',
       value: 3.1,
       date: [Object],
       unit: 'µg/m³',
       coordinates: [Object],
       country: 'US',
       city: null,
       isMobile: false,
       isAnalysis: false,
       entity: 'community',
       sensorType: 'low-cost sensor' },
     { locationId: 65281,
       location: '14th &amp; S ST NW ',
       parameter: 'um100',
       value: 0,
       date: [Object],
       unit: 'particles/cm³',
       coordinates: [Object],
       country: 'US',
       city: null,
       isMobile: false,
       isAnalysis: false,
       entity: 'community',
       sensorType: 'low-cost sensor' },
     { locationId: 65281,
       location: '14th &amp; S ST NW ',
       parameter: 'pm1',
       value: 3.7,
       date: [Object],
       unit: 'µg/m³',
       coordinates: [Object],
       country: 'US',
       city: null,
       isMobile: false,
       isAnalysis: false,
       entity: 'community',
       sensorType: 'low-cost sensor' },
     { locationId: 65281,
       location: '14th &amp; S ST NW ',
       parameter: 'um010',
       value: 0.33,
       date: [Object],
       unit: 'particles/cm³',
       coordinates: [Object],
       country: 'US',
       city: null,
       isMobile: false,
       isAnalysis: false,
       entity: 'community',
       sensorType: 'low-cost sensor' },
     { locationId: 65281,
       location: '14th &amp; S ST NW ',
       parameter: 'pm10',
       value: 6.4,
       date: [Object],
       unit: 'µg/m³',
       coordinates: [Object],
       country: 'US',
       city: null,
       isMobile: false,
       isAnalysis: false,
       entity: 'community',
       sensorType: 'low-cost sensor' },
     { locationId: 65281,
       location: '14th &amp; S ST NW ',
       parameter: 'pm25',
       value: 5.4,
       date: [Object],
       unit: 'µg/m³',
       coordinates: [Object],
       country: 'US',
       city: null,
       isMobile: false,
       isAnalysis: false,
       entity: 'community',
       sensorType: 'low-cost sensor' },
     { locationId: 65281,
       location: '14th &amp; S ST NW ',
       parameter: 'um025',
       value: 0.02,
       date: [Object],
       unit: 'particles/cm³',
       coordinates: [Object],
       country: 'US',
       city: null,
       isMobile: false,
       isAnalysis: false,
       entity: 'community',
       sensorType: 'low-cost sensor' },
     { locationId: 65281,
       location: '14th &amp; S ST NW ',
       parameter: 'um100',
       value: 0,
       date: [Object],
       unit: 'particles/cm³',
       coordinates: [Object],
       country: 'US',
       city: null,
       isMobile: false,
       isAnalysis: false,
       entity: 'community',
       sensorType: 'low-cost sensor' },
     { locationId: 65281,
       location: '14th &amp; S ST NW ',
       parameter: 'um010',
       value: 0.32,
       date: [Object],
       unit: 'particles/cm³',
       coordinates: [Object],
       country: 'US',
       city: null,
       isMobile: false,
       isAnalysis: false,
       entity: 'community',
       sensorType: 'low-cost sensor' },
     { locationId: 65281,
       location: '14th &amp; S ST NW ',
       parameter: 'um100',
       value: 0,
       date: [Object],
       unit: 'particles/cm³',
       coordinates: [Object],
       country: 'US',
       city: null,
       isMobile: false,
       isAnalysis: false,
       entity: 'community',
       sensorType: 'low-cost sensor' },
     { locationId: 65281,
       location: '14th &amp; S ST NW ',
       parameter: 'um025',
       value: 0.02,
       date: [Object],
       unit: 'particles/cm³',
       coordinates: [Object],
       country: 'US',
       city: null,
       isMobile: false,
       isAnalysis: false,
       entity: 'community',
       sensorType: 'low-cost sensor' },
     { locationId: 65281,
       location: '14th &amp; S ST NW ',
       parameter: 'pm1',
       value: 2.8,
       date: [Object],
       unit: 'µg/m³',
       coordinates: [Object],
       country: 'US',
       city: null,
       isMobile: false,
       isAnalysis: false,
       entity: 'community',
       sensorType: 'low-cost sensor' },
     { locationId: 65281,
       location: '14th &amp; S ST NW ',
       parameter: 'pm10',
       value: 4.8,
       date: [Object],
       unit: 'µg/m³',
       coordinates: [Object],
       country: 'US',
       city: null,
       isMobile: false,
       isAnalysis: false,
       entity: 'community',
       sensorType: 'low-cost sensor' },
     { locationId: 65281,
       location: '14th &amp; S ST NW ',
       parameter: 'pm25',
       value: 4.1,
       date: [Object],
       unit: 'µg/m³',
       coordinates: [Object],
       country: 'US',
       city: null,
       isMobile: false,
       isAnalysis: false,
       entity: 'community',
       sensorType: 'low-cost sensor' },
     { locationId: 65281,
       location: '14th &amp; S ST NW ',
       parameter: 'pm1',
       value: 3,
       date: [Object],
       unit: 'µg/m³',
       coordinates: [Object],
       country: 'US',
       city: null,
       isMobile: false,
       isAnalysis: false,
       entity: 'community',
       sensorType: 'low-cost sensor' },
     { locationId: 65281,
       location: '14th &amp; S ST NW ',
       parameter: 'um010',
       value: 0.33,
       date: [Object],
       unit: 'particles/cm³',
       coordinates: [Object],
       country: 'US',
       city: null,
       isMobile: false,
       isAnalysis: false,
       entity: 'community',
       sensorType: 'low-cost sensor' },
     { locationId: 65281,
       location: '14th &amp; S ST NW ',
       parameter: 'pm25',
       value: 4.6,
       date: [Object],
       unit: 'µg/m³',
       coordinates: [Object],
       country: 'US',
       city: null,
       isMobile: false,
       isAnalysis: false,
       entity: 'community',
       sensorType: 'low-cost sensor' },
     { locationId: 65281,
       location: '14th &amp; S ST NW ',
       parameter: 'um100',
       value: 0,
       date: [Object],
       unit: 'particles/cm³',
       coordinates: [Object],
       country: 'US',
       city: null,
       isMobile: false,
       isAnalysis: false,
       entity: 'community',
       sensorType: 'low-cost sensor' },
     { locationId: 65281,
       location: '14th &amp; S ST NW ',
       parameter: 'um025',
       value: 0.03,
       date: [Object],
       unit: 'particles/cm³',
       coordinates: [Object],
       country: 'US',
       city: null,
       isMobile: false,
       isAnalysis: false,
       entity: 'community',
       sensorType: 'low-cost sensor' },
     { locationId: 65281,
       location: '14th &amp; S ST NW ',
       parameter: 'pm10',
       value: 5.5,
       date: [Object],
       unit: 'µg/m³',
       coordinates: [Object],
       country: 'US',
       city: null,
       isMobile: false,
       isAnalysis: false,
       entity: 'community',
       sensorType: 'low-cost sensor' },
     { locationId: 65281,
       location: '14th &amp; S ST NW ',
       parameter: 'pm25',
       value: 5.1,
       date: [Object],
       unit: 'µg/m³',
       coordinates: [Object],
       country: 'US',
       city: null,
       isMobile: false,
       isAnalysis: false,
       entity: 'community',
       sensorType: 'low-cost sensor' },
     { locationId: 65281,
       location: '14th &amp; S ST NW ',
       parameter: 'um100',
       value: 0,
       date: [Object],
       unit: 'particles/cm³',
       coordinates: [Object],
       country: 'US',
       city: null,
       isMobile: false,
       isAnalysis: false,
       entity: 'community',
       sensorType: 'low-cost sensor' },
     { locationId: 65281,
       location: '14th &amp; S ST NW ',
       parameter: 'pm10',
       value: 6.8,
       date: [Object],
       unit: 'µg/m³',
       coordinates: [Object],
       country: 'US',
       city: null,
       isMobile: false,
       isAnalysis: false,
       entity: 'community',
       sensorType: 'low-cost sensor' },
     { locationId: 65281,
       location: '14th &amp; S ST NW ',
       parameter: 'um025',
       value: 0.04,
       date: [Object],
       unit: 'particles/cm³',
       coordinates: [Object],
       country: 'US',
       city: null,
       isMobile: false,
       isAnalysis: false,
       entity: 'community',
       sensorType: 'low-cost sensor' },
     { locationId: 65281,
       location: '14th &amp; S ST NW ',
       parameter: 'um010',
       value: 0.4,
       date: [Object],
       unit: 'particles/cm³',
       coordinates: [Object],
       country: 'US',
       city: null,
       isMobile: false,
       isAnalysis: false,
       entity: 'community',
       sensorType: 'low-cost sensor' },
     { locationId: 65281,
       location: '14th &amp; S ST NW ',
       parameter: 'pm1',
       value: 3.3,
       date: [Object],
       unit: 'µg/m³',
       coordinates: [Object],
       country: 'US',
       city: null,
       isMobile: false,
       isAnalysis: false,
       entity: 'community',
       sensorType: 'low-cost sensor' },
     { locationId: 65281,
       location: '14th &amp; S ST NW ',
       parameter: 'um025',
       value: 0.03,
       date: [Object],
       unit: 'particles/cm³',
       coordinates: [Object],
       country: 'US',
       city: null,
       isMobile: false,
       isAnalysis: false,
       entity: 'community',
       sensorType: 'low-cost sensor' },
     { locationId: 65281,
       location: '14th &amp; S ST NW ',
       parameter: 'um010',
       value: 0.34,
       date: [Object],
       unit: 'particles/cm³',
       coordinates: [Object],
       country: 'US',
       city: null,
       isMobile: false,
       isAnalysis: false,
       entity: 'community',
       sensorType: 'low-cost sensor' },
     { locationId: 65281,
       location: '14th &amp; S ST NW ',
       parameter: 'pm25',
       value: 5.1,
       date: [Object],
       unit: 'µg/m³',
       coordinates: [Object],
       country: 'US',
       city: null,
       isMobile: false,
       isAnalysis: false,
       entity: 'community',
       sensorType: 'low-cost sensor' },
     { locationId: 65281,
       location: '14th &amp; S ST NW ',
       parameter: 'pm1',
       value: 3.2,
       date: [Object],
       unit: 'µg/m³',
       coordinates: [Object],
       country: 'US',
       city: null,
       isMobile: false,
       isAnalysis: false,
       entity: 'community',
       sensorType: 'low-cost sensor' },
     { locationId: 65281,
       location: '14th &amp; S ST NW ',
       parameter: 'um100',
       value: 0,
       date: [Object],
       unit: 'particles/cm³',
       coordinates: [Object],
       country: 'US',
       city: null,
       isMobile: false,
       isAnalysis: false,
       entity: 'community',
       sensorType: 'low-cost sensor' },
     { locationId: 65281,
       location: '14th &amp; S ST NW ',
       parameter: 'pm10',
       value: 5.6,
       date: [Object],
       unit: 'µg/m³',
       coordinates: [Object],
       country: 'US',
       city: null,
       isMobile: false,
       isAnalysis: false,
       entity: 'community',
       sensorType: 'low-cost sensor' },
     { locationId: 65281,
       location: '14th &amp; S ST NW ',
       parameter: 'pm10',
       value: 7.7,
       date: [Object],
       unit: 'µg/m³',
       coordinates: [Object],
       country: 'US',
       city: null,
       isMobile: false,
       isAnalysis: false,
       entity: 'community',
       sensorType: 'low-cost sensor' },
     { locationId: 65281,
       location: '14th &amp; S ST NW ',
       parameter: 'um025',
       value: 0.07,
       date: [Object],
       unit: 'particles/cm³',
       coordinates: [Object],
       country: 'US',
       city: null,
       isMobile: false,
       isAnalysis: false,
       entity: 'community',
       sensorType: 'low-cost sensor' },
     { locationId: 65281,
       location: '14th &amp; S ST NW ',
       parameter: 'um100',
       value: 0.01,
       date: [Object],
       unit: 'particles/cm³',
       coordinates: [Object],
       country: 'US',
       city: null,
       isMobile: false,
       isAnalysis: false,
       entity: 'community',
       sensorType: 'low-cost sensor' },
     { locationId: 65281,
       location: '14th &amp; S ST NW ',
       parameter: 'um010',
       value: 0.4,
       date: [Object],
       unit: 'particles/cm³',
       coordinates: [Object],
       country: 'US',
       city: null,
       isMobile: false,
       isAnalysis: false,
       entity: 'community',
       sensorType: 'low-cost sensor' },
     { locationId: 65281,
       location: '14th &amp; S ST NW ',
       parameter: 'pm25',
       value: 5.3,
       date: [Object],
       unit: 'µg/m³',
       coordinates: [Object],
       country: 'US',
       city: null,
       isMobile: false,
       isAnalysis: false,
       entity: 'community',
       sensorType: 'low-cost sensor' },
     { locationId: 65281,
       location: '14th &amp; S ST NW ',
       parameter: 'pm1',
       value: 3.2,
       date: [Object],
       unit: 'µg/m³',
       coordinates: [Object],
       country: 'US',
       city: null,
       isMobile: false,
       isAnalysis: false,
       entity: 'community',
       sensorType: 'low-cost sensor' },
     { locationId: 65281,
       location: '14th &amp; S ST NW ',
       parameter: 'um025',
       value: 0.02,
       date: [Object],
       unit: 'particles/cm³',
       coordinates: [Object],
       country: 'US',
       city: null,
       isMobile: false,
       isAnalysis: false,
       entity: 'community',
       sensorType: 'low-cost sensor' },
     { locationId: 65281,
       location: '14th &amp; S ST NW ',
       parameter: 'pm1',
       value: 3,
       date: [Object],
       unit: 'µg/m³',
       coordinates: [Object],
       country: 'US',
       city: null,
       isMobile: false,
       isAnalysis: false,
       entity: 'community',
       sensorType: 'low-cost sensor' },
     { locationId: 65281,
       location: '14th &amp; S ST NW ',
       parameter: 'pm10',
       value: 5,
       date: [Object],
       unit: 'µg/m³',
       coordinates: [Object],
       country: 'US',
       city: null,
       isMobile: false,
       isAnalysis: false,
       entity: 'community',
       sensorType: 'low-cost sensor' },
     { locationId: 65281,
       location: '14th &amp; S ST NW ',
       parameter: 'um010',
       value: 0.28,
       date: [Object],
       unit: 'particles/cm³',
       coordinates: [Object],
       country: 'US',
       city: null,
       isMobile: false,
       isAnalysis: false,
       entity: 'community',
       sensorType: 'low-cost sensor' },
     { locationId: 65281,
       location: '14th &amp; S ST NW ',
       parameter: 'pm25',
       value: 4.3,
       date: [Object],
       unit: 'µg/m³',
       coordinates: [Object],
       country: 'US',
       city: null,
       isMobile: false,
       isAnalysis: false,
       entity: 'community',
       sensorType: 'low-cost sensor' },
     { locationId: 65281,
       location: '14th &amp; S ST NW ',
       parameter: 'um100',
       value: 0,
       date: [Object],
       unit: 'particles/cm³',
       coordinates: [Object],
       country: 'US',
       city: null,
       isMobile: false,
       isAnalysis: false,
       entity: 'community',
       sensorType: 'low-cost sensor' },
     { locationId: 65281,
       location: '14th &amp; S ST NW ',
       parameter: 'um100',
       value: 0,
       date: [Object],
       unit: 'particles/cm³',
       coordinates: [Object],
       country: 'US',
       city: null,
       isMobile: false,
       isAnalysis: false,
       entity: 'community',
       sensorType: 'low-cost sensor' },
     { locationId: 65281,
       location: '14th &amp; S ST NW ',
       parameter: 'pm1',
       value: 3.2,
       date: [Object],
       unit: 'µg/m³',
       coordinates: [Object],
       country: 'US',
       city: null,
       isMobile: false,
       isAnalysis: false,
       entity: 'community',
       sensorType: 'low-cost sensor' },
     { locationId: 65281,
       location: '14th &amp; S ST NW ',
       parameter: 'um010',
       value: 0.32,
       date: [Object],
       unit: 'particles/cm³',
       coordinates: [Object],
       country: 'US',
       city: null,
       isMobile: false,
       isAnalysis: false,
       entity: 'community',
       sensorType: 'low-cost sensor' },
     { locationId: 65281,
       location: '14th &amp; S ST NW ',
       parameter: 'um025',
       value: 0.02,
       date: [Object],
       unit: 'particles/cm³',
       coordinates: [Object],
       country: 'US',
       city: null,
       isMobile: false,
       isAnalysis: false,
       entity: 'community',
       sensorType: 'low-cost sensor' },
     { locationId: 65281,
       location: '14th &amp; S ST NW ',
       parameter: 'pm25',
       value: 4.6,
       date: [Object],
       unit: 'µg/m³',
       coordinates: [Object],
       country: 'US',
       city: null,
       isMobile: false,
       isAnalysis: false,
       entity: 'community',
       sensorType: 'low-cost sensor' },
     { locationId: 65281,
       location: '14th &amp; S ST NW ',
       parameter: 'pm10',
       value: 5.6,
       date: [Object],
       unit: 'µg/m³',
       coordinates: [Object],
       country: 'US',
       city: null,
       isMobile: false,
       isAnalysis: false,
       entity: 'community',
       sensorType: 'low-cost sensor' },
     { locationId: 65281,
       location: '14th &amp; S ST NW ',
       parameter: 'pm10',
       value: 5.5,
       date: [Object],
       unit: 'µg/m³',
       coordinates: [Object],
       country: 'US',
       city: null,
       isMobile: false,
       isAnalysis: false,
       entity: 'community',
       sensorType: 'low-cost sensor' },
     { locationId: 65281,
       location: '14th &amp; S ST NW ',
       parameter: 'pm25',
       value: 5,
       date: [Object],
       unit: 'µg/m³',
       coordinates: [Object],
       country: 'US',
       city: null,
       isMobile: false,
       isAnalysis: false,
       entity: 'community',
       sensorType: 'low-cost sensor' },
     { locationId: 65281,
       location: '14th &amp; S ST NW ',
       parameter: 'pm1',
       value: 3.7,
       date: [Object],
       unit: 'µg/m³',
       coordinates: [Object],
       country: 'US',
       city: null,
       isMobile: false,
       isAnalysis: false,
       entity: 'community',
       sensorType: 'low-cost sensor' },
     { locationId: 65281,
       location: '14th &amp; S ST NW ',
       parameter: 'um010',
       value: 0.3,
       date: [Object],
       unit: 'particles/cm³',
       coordinates: [Object],
       country: 'US',
       city: null,
       isMobile: false,
       isAnalysis: false,
       entity: 'community',
       sensorType: 'low-cost sensor' },
     { locationId: 65281,
       location: '14th &amp; S ST NW ',
       parameter: 'um100',
       value: 0,
       date: [Object],
       unit: 'particles/cm³',
       coordinates: [Object],
       country: 'US',
       city: null,
       isMobile: false,
       isAnalysis: false,
       entity: 'community',
       sensorType: 'low-cost sensor' },
     { locationId: 65281,
       location: '14th &amp; S ST NW ',
       parameter: 'um025',
       value: 0.02,
       date: [Object],
       unit: 'particles/cm³',
       coordinates: [Object],
       country: 'US',
       city: null,
       isMobile: false,
       isAnalysis: false,
       entity: 'community',
       sensorType: 'low-cost sensor' },
     { locationId: 65281,
       location: '14th &amp; S ST NW ',
       parameter: 'pm1',
       value: 3.8,
       date: [Object],
       unit: 'µg/m³',
       coordinates: [Object],
       country: 'US',
       city: null,
       isMobile: false,
       isAnalysis: false,
       entity: 'community',
       sensorType: 'low-cost sensor' },
     { locationId: 65281,
       location: '14th &amp; S ST NW ',
       parameter: 'pm10',
       value: 6.5,
       date: [Object],
       unit: 'µg/m³',
       coordinates: [Object],
       country: 'US',
       city: null,
       isMobile: false,
       isAnalysis: false,
       entity: 'community',
       sensorType: 'low-cost sensor' },
     { locationId: 65281,
       location: '14th &amp; S ST NW ',
       parameter: 'um025',
       value: 0.03,
       date: [Object],
       unit: 'particles/cm³',
       coordinates: [Object],
       country: 'US',
       city: null,
       isMobile: false,
       isAnalysis: false,
       entity: 'community',
       sensorType: 'low-cost sensor' },
     { locationId: 65281,
       location: '14th &amp; S ST NW ',
       parameter: 'um010',
       value: 0.34,
       date: [Object],
       unit: 'particles/cm³',
       coordinates: [Object],
       country: 'US',
       city: null,
       isMobile: false,
       isAnalysis: false,
       entity: 'community',
       sensorType: 'low-cost sensor' } ] }
